<?xml version="1.0" encoding="UTF-8"?>
<testsuite name="test_cancel_appointment_tests.TestGetVaccineDate-20220523112431" tests="2" file="test_cancel_appointment_tests.py" time="0.599" timestamp="2022-05-23T11:24:32" failures="0" errors="0" skipped="0">
	<testcase classname="test_cancel_appointment_tests.TestGetVaccineDate" name="test_cancel_vacine_ok" time="0.119" timestamp="2022-05-23T11:24:32"/>
	<testcase classname="test_cancel_appointment_tests.TestGetVaccineDate" name="test_get_vaccine_date_no_ok_parameter" time="0.480" timestamp="2022-05-23T11:24:32"/>
</testsuite>
